Discovered and registered JSON algorithm: id='hunt_target', name='Hunt and Target (JSON)'
Discovered and registered JSON algorithm: id='smart_target', name='Smart Target (JSON)'
Discovered and registered JSON algorithm: id='p2m2_json', name='P2M2 (JSON)'
Discovered and registered JSON algorithm: id='p2m2_optimized', name='P2M2 Optimized (JSON)'
Discovered and registered JSON algorithm: id='random_search', name='Random Search (JSON)'
Discovered and registered JSON algorithm: id='p2m2st', name='P2M2-ST (JSON)'
Discovered and registered Python algorithm: id='huntandtarget', name='Hunt and Target'
Discovered and registered Python algorithm: id='p2m2', name='P2M2 (Diagonal Hunt)'
Discovered and registered Python algorithm: id='p2m2optimized', name='P2M2 Optimized'
Discovered and registered Python algorithm: id='p2m2stdirectional', name='P2M2-ST (Directional)'
Discovered and registered Python algorithm: id='randomsearch', name='Random Search'
Discovered and registered Python algorithm: id='smarttarget', name='Smart Target'
--- Running simulation for: smarttarget ---
[SmartTarget] --- Turn Start ---
[SmartTarget] Mode: HUNT
[SmartTarget] Chosen hunt shot: (3, 5)
[SmartTarget] --- Turn Start ---
[SmartTarget] Mode: HUNT
[SmartTarget] Chosen hunt shot: (4, 2)
[SmartTarget] --- Turn Start ---
[SmartTarget] Mode: HUNT
[SmartTarget] Chosen hunt shot: (9, 1)
[SmartTarget] --- Turn Start ---
[SmartTarget] Mode: HUNT
[SmartTarget] Chosen hunt shot: (8, 0)
[SmartTarget] --- Turn Start ---
[SmartTarget] Mode: HUNT
[SmartTarget] Chosen hunt shot: (4, 6)
[SmartTarget] --- Turn Start ---
[SmartTarget] Mode: TARGET, Groups: [{(4, 6)}]
[SmartTarget] Targeting group {(4, 6)}. Candidates: [(5, 6), (3, 6), (4, 7), (4, 5)]
[SmartTarget] Chosen shot: (5, 6)
[SmartTarget] --- Turn Start ---
[SmartTarget] Mode: TARGET, Groups: [{(4, 6), (5, 6)}]
[SmartTarget] Targeting group {(4, 6), (5, 6)}. Candidates: [(3, 6), (6, 6)]
[SmartTarget] Chosen shot: (3, 6)
[SmartTarget] --- Turn Start ---
[SmartTarget] Mode: TARGET, Groups: [{(4, 6), (5, 6)}]
[SmartTarget] Targeting group {(4, 6), (5, 6)}. Candidates: [(3, 6), (6, 6)]
[SmartTarget] Chosen shot: (6, 6)
[SmartTarget] --- Turn Start ---
[SmartTarget] Mode: TARGET, Groups: [{(6, 6), (4, 6), (5, 6)}]
[SmartTarget] Targeting group {(6, 6), (4, 6), (5, 6)}. Candidates: [(3, 6), (7, 6)]
[SmartTarget] Chosen shot: (7, 6)
[SmartTarget] --- Turn Start ---
[SmartTarget] Mode: TARGET, Groups: [{(6, 6), (7, 6), (5, 6), (4, 6)}]
[SmartTarget] Targeting group {(6, 6), (7, 6), (5, 6), (4, 6)}. Candidates: [(3, 6), (8, 6)]
[SmartTarget] Chosen shot: (8, 6)
[SmartTarget] --- Turn Start ---
[SmartTarget] Mode: TARGET, Groups: [{(7, 6), (5, 6), (8, 6), (6, 6), (4, 6)}]
[SmartTarget] Targeting group {(7, 6), (5, 6), (8, 6), (6, 6), (4, 6)}. Candidates: [(3, 6), (9, 6)]
[SmartTarget] Chosen shot: (9, 6)
[SmartTarget] --- Turn Start ---
[SmartTarget] Mode: TARGET, Groups: [{(7, 6), (5, 6), (8, 6), (6, 6), (4, 6)}]
[SmartTarget] Targeting group {(7, 6), (5, 6), (8, 6), (6, 6), (4, 6)}. Candidates: [(3, 6), (9, 6)]
[SmartTarget] Mode: HUNT
[SmartTarget] Chosen hunt shot: (9, 3)
[SmartTarget] --- Turn Start ---
[SmartTarget] Mode: TARGET, Groups: [{(7, 6), (5, 6), (8, 6), (6, 6), (4, 6)}, {(9, 3)}]
[SmartTarget] Targeting group {(9, 3)}. Candidates: [(10, 3), (8, 3), (9, 4), (9, 2)]
[SmartTarget] Chosen shot: (8, 3)
[SmartTarget] --- Turn Start ---
[SmartTarget] Mode: TARGET, Groups: [{(7, 6), (5, 6), (8, 6), (6, 6), (4, 6)}, {(8, 3), (9, 3)}]
[SmartTarget] Targeting group {(8, 3), (9, 3)}. Candidates: [(7, 3), (10, 3)]
[SmartTarget] Chosen shot: (7, 3)
[SmartTarget] --- Turn Start ---
[SmartTarget] Mode: TARGET, Groups: [{(7, 6), (5, 6), (8, 6), (6, 6), (4, 6)}, {(8, 3), (9, 3), (7, 3)}]
[SmartTarget] Targeting group {(8, 3), (9, 3), (7, 3)}. Candidates: [(6, 3), (10, 3)]
[SmartTarget] Chosen shot: (6, 3)
[SmartTarget] --- Turn Start ---
[SmartTarget] Mode: TARGET, Groups: [{(7, 6), (5, 6), (8, 6), (6, 6), (4, 6)}, {(8, 3), (6, 3), (9, 3), (7, 3)}]
[SmartTarget] Targeting group {(8, 3), (6, 3), (9, 3), (7, 3)}. Candidates: [(5, 3), (10, 3)]
[SmartTarget] Chosen shot: (5, 3)
[SmartTarget] --- Turn Start ---
[SmartTarget] Mode: TARGET, Groups: [{(7, 6), (5, 6), (8, 6), (6, 6), (4, 6)}, {(8, 3), (9, 3), (5, 3), (6, 3), (7, 3)}]
[SmartTarget] Targeting group {(7, 6), (5, 6), (8, 6), (6, 6), (4, 6)}. Candidates: [(3, 6), (9, 6)]
[SmartTarget] Targeting group {(8, 3), (9, 3), (5, 3), (6, 3), (7, 3)}. Candidates: [(4, 3), (10, 3)]
[SmartTarget] Chosen shot: (4, 3)
[SmartTarget] --- Turn Start ---
[SmartTarget] Mode: TARGET, Groups: [{(7, 6), (5, 6), (8, 6), (6, 6), (4, 6)}, {(8, 3), (9, 3), (5, 3), (6, 3), (7, 3)}]
[SmartTarget] Targeting group {(7, 6), (5, 6), (8, 6), (6, 6), (4, 6)}. Candidates: [(3, 6), (9, 6)]
[SmartTarget] Targeting group {(8, 3), (9, 3), (5, 3), (6, 3), (7, 3)}. Candidates: [(4, 3), (10, 3)]
[SmartTarget] Mode: HUNT
[SmartTarget] Chosen hunt shot: (1, 7)
[SmartTarget] --- Turn Start ---
[SmartTarget] Mode: TARGET, Groups: [{(7, 6), (5, 6), (8, 6), (6, 6), (4, 6)}, {(8, 3), (9, 3), (5, 3), (6, 3), (7, 3)}]
[SmartTarget] Targeting group {(7, 6), (5, 6), (8, 6), (6, 6), (4, 6)}. Candidates: [(3, 6), (9, 6)]
[SmartTarget] Targeting group {(8, 3), (9, 3), (5, 3), (6, 3), (7, 3)}. Candidates: [(4, 3), (10, 3)]
[SmartTarget] Mode: HUNT
[SmartTarget] Chosen hunt shot: (2, 2)
[SmartTarget] --- Turn Start ---
[SmartTarget] Mode: TARGET, Groups: [{(7, 6), (5, 6), (8, 6), (6, 6), (4, 6)}, {(8, 3), (9, 3), (5, 3), (6, 3), (7, 3)}]
[SmartTarget] Targeting group {(7, 6), (5, 6), (8, 6), (6, 6), (4, 6)}. Candidates: [(3, 6), (9, 6)]
[SmartTarget] Targeting group {(8, 3), (9, 3), (5, 3), (6, 3), (7, 3)}. Candidates: [(4, 3), (10, 3)]
[SmartTarget] Mode: HUNT
[SmartTarget] Chosen hunt shot: (9, 7)
[SmartTarget] --- Turn Start ---
[SmartTarget] Mode: TARGET, Groups: [{(7, 6), (5, 6), (8, 6), (6, 6), (4, 6)}, {(8, 3), (9, 3), (5, 3), (6, 3), (7, 3)}]
[SmartTarget] Targeting group {(7, 6), (5, 6), (8, 6), (6, 6), (4, 6)}. Candidates: [(3, 6), (9, 6)]
[SmartTarget] Targeting group {(8, 3), (9, 3), (5, 3), (6, 3), (7, 3)}. Candidates: [(4, 3), (10, 3)]
[SmartTarget] Mode: HUNT
[SmartTarget] Chosen hunt shot: (0, 0)
[SmartTarget] --- Turn Start ---
[SmartTarget] Mode: TARGET, Groups: [{(7, 6), (5, 6), (8, 6), (6, 6), (4, 6)}, {(8, 3), (9, 3), (5, 3), (6, 3), (7, 3)}]
[SmartTarget] Targeting group {(7, 6), (5, 6), (8, 6), (6, 6), (4, 6)}. Candidates: [(3, 6), (9, 6)]
[SmartTarget] Targeting group {(8, 3), (9, 3), (5, 3), (6, 3), (7, 3)}. Candidates: [(4, 3), (10, 3)]
[SmartTarget] Mode: HUNT
[SmartTarget] Chosen hunt shot: (9, 5)
[SmartTarget] --- Turn Start ---
[SmartTarget] Mode: TARGET, Groups: [{(7, 6), (5, 6), (8, 6), (6, 6), (4, 6)}, {(8, 3), (9, 3), (5, 3), (6, 3), (7, 3)}]
[SmartTarget] Targeting group {(7, 6), (5, 6), (8, 6), (6, 6), (4, 6)}. Candidates: [(3, 6), (9, 6)]
[SmartTarget] Targeting group {(8, 3), (9, 3), (5, 3), (6, 3), (7, 3)}. Candidates: [(4, 3), (10, 3)]
[SmartTarget] Mode: HUNT
[SmartTarget] Chosen hunt shot: (2, 6)
[SmartTarget] --- Turn Start ---
[SmartTarget] Mode: TARGET, Groups: [{(7, 6), (5, 6), (8, 6), (6, 6), (4, 6)}, {(8, 3), (9, 3), (5, 3), (6, 3), (7, 3)}]
[SmartTarget] Targeting group {(7, 6), (5, 6), (8, 6), (6, 6), (4, 6)}. Candidates: [(3, 6), (9, 6)]
[SmartTarget] Targeting group {(8, 3), (9, 3), (5, 3), (6, 3), (7, 3)}. Candidates: [(4, 3), (10, 3)]
[SmartTarget] Mode: HUNT
[SmartTarget] Chosen hunt shot: (0, 2)
[SmartTarget] --- Turn Start ---
[SmartTarget] Mode: TARGET, Groups: [{(7, 6), (5, 6), (8, 6), (6, 6), (4, 6)}, {(8, 3), (9, 3), (5, 3), (6, 3), (7, 3)}]
[SmartTarget] Targeting group {(7, 6), (5, 6), (8, 6), (6, 6), (4, 6)}. Candidates: [(3, 6), (9, 6)]
[SmartTarget] Targeting group {(8, 3), (9, 3), (5, 3), (6, 3), (7, 3)}. Candidates: [(4, 3), (10, 3)]
[SmartTarget] Mode: HUNT
[SmartTarget] Chosen hunt shot: (0, 8)
[SmartTarget] --- Turn Start ---
[SmartTarget] Mode: TARGET, Groups: [{(7, 6), (5, 6), (8, 6), (6, 6), (4, 6)}, {(8, 3), (9, 3), (5, 3), (6, 3), (7, 3)}]
[SmartTarget] Targeting group {(7, 6), (5, 6), (8, 6), (6, 6), (4, 6)}. Candidates: [(3, 6), (9, 6)]
[SmartTarget] Targeting group {(8, 3), (9, 3), (5, 3), (6, 3), (7, 3)}. Candidates: [(4, 3), (10, 3)]
[SmartTarget] Mode: HUNT
[SmartTarget] Chosen hunt shot: (0, 4)
[SmartTarget] --- Turn Start ---
[SmartTarget] Mode: TARGET, Groups: [{(7, 6), (5, 6), (8, 6), (6, 6), (4, 6)}, {(8, 3), (9, 3), (5, 3), (6, 3), (7, 3)}, {(0, 4)}]
[SmartTarget] Targeting group {(0, 4)}. Candidates: [(1, 4), (-1, 4), (0, 5), (0, 3)]
[SmartTarget] Chosen shot: (1, 4)
[SmartTarget] --- Turn Start ---
[SmartTarget] Mode: TARGET, Groups: [{(7, 6), (5, 6), (8, 6), (6, 6), (4, 6)}, {(8, 3), (9, 3), (5, 3), (6, 3), (7, 3)}, {(0, 4)}]
[SmartTarget] Targeting group {(0, 4)}. Candidates: [(1, 4), (-1, 4), (0, 5), (0, 3)]
[SmartTarget] Chosen shot: (0, 5)
[SmartTarget] --- Turn Start ---
[SmartTarget] Mode: TARGET, Groups: [{(7, 6), (5, 6), (8, 6), (6, 6), (4, 6)}, {(8, 3), (9, 3), (5, 3), (6, 3), (7, 3)}, {(0, 4), (0, 5)}]
[SmartTarget] Targeting group {(0, 4), (0, 5)}. Candidates: [(0, 3), (0, 6)]
[SmartTarget] Chosen shot: (0, 3)
[SmartTarget] --- Turn Start ---
[SmartTarget] Mode: TARGET, Groups: [{(7, 6), (5, 6), (8, 6), (6, 6), (4, 6)}, {(8, 3), (9, 3), (5, 3), (6, 3), (7, 3)}, {(0, 4), (0, 5)}]
[SmartTarget] Targeting group {(0, 4), (0, 5)}. Candidates: [(0, 3), (0, 6)]
[SmartTarget] Chosen shot: (0, 6)
[SmartTarget] --- Turn Start ---
[SmartTarget] Mode: TARGET, Groups: [{(7, 6), (5, 6), (8, 6), (6, 6), (4, 6)}, {(8, 3), (9, 3), (5, 3), (6, 3), (7, 3)}, {(0, 4), (0, 5)}]
[SmartTarget] Targeting group {(0, 4), (0, 5)}. Candidates: [(0, 3), (0, 6)]
[SmartTarget] Targeting group {(7, 6), (5, 6), (8, 6), (6, 6), (4, 6)}. Candidates: [(3, 6), (9, 6)]
[SmartTarget] Targeting group {(8, 3), (9, 3), (5, 3), (6, 3), (7, 3)}. Candidates: [(4, 3), (10, 3)]
[SmartTarget] Mode: HUNT
[SmartTarget] Chosen hunt shot: (4, 0)
[SmartTarget] --- Turn Start ---
[SmartTarget] Mode: TARGET, Groups: [{(7, 6), (5, 6), (8, 6), (6, 6), (4, 6)}, {(8, 3), (9, 3), (5, 3), (6, 3), (7, 3)}, {(0, 4), (0, 5)}]
[SmartTarget] Targeting group {(0, 4), (0, 5)}. Candidates: [(0, 3), (0, 6)]
[SmartTarget] Targeting group {(7, 6), (5, 6), (8, 6), (6, 6), (4, 6)}. Candidates: [(3, 6), (9, 6)]
[SmartTarget] Targeting group {(8, 3), (9, 3), (5, 3), (6, 3), (7, 3)}. Candidates: [(4, 3), (10, 3)]
[SmartTarget] Mode: HUNT
[SmartTarget] Chosen hunt shot: (7, 1)
[SmartTarget] --- Turn Start ---
[SmartTarget] Mode: TARGET, Groups: [{(7, 6), (5, 6), (8, 6), (6, 6), (4, 6)}, {(8, 3), (9, 3), (5, 3), (6, 3), (7, 3)}, {(0, 4), (0, 5)}]
[SmartTarget] Targeting group {(0, 4), (0, 5)}. Candidates: [(0, 3), (0, 6)]
[SmartTarget] Targeting group {(7, 6), (5, 6), (8, 6), (6, 6), (4, 6)}. Candidates: [(3, 6), (9, 6)]
[SmartTarget] Targeting group {(8, 3), (9, 3), (5, 3), (6, 3), (7, 3)}. Candidates: [(4, 3), (10, 3)]
[SmartTarget] Mode: HUNT
[SmartTarget] Chosen hunt shot: (6, 8)
[SmartTarget] --- Turn Start ---
[SmartTarget] Mode: TARGET, Groups: [{(7, 6), (5, 6), (8, 6), (6, 6), (4, 6)}, {(8, 3), (9, 3), (5, 3), (6, 3), (7, 3)}, {(0, 4), (0, 5)}]
[SmartTarget] Targeting group {(0, 4), (0, 5)}. Candidates: [(0, 3), (0, 6)]
[SmartTarget] Targeting group {(7, 6), (5, 6), (8, 6), (6, 6), (4, 6)}. Candidates: [(3, 6), (9, 6)]
[SmartTarget] Targeting group {(8, 3), (9, 3), (5, 3), (6, 3), (7, 3)}. Candidates: [(4, 3), (10, 3)]
[SmartTarget] Mode: HUNT
[SmartTarget] Chosen hunt shot: (9, 9)
[SmartTarget] --- Turn Start ---
[SmartTarget] Mode: TARGET, Groups: [{(7, 6), (5, 6), (8, 6), (6, 6), (4, 6)}, {(8, 3), (9, 3), (5, 3), (6, 3), (7, 3)}, {(0, 4), (0, 5)}]
[SmartTarget] Targeting group {(0, 4), (0, 5)}. Candidates: [(0, 3), (0, 6)]
[SmartTarget] Targeting group {(7, 6), (5, 6), (8, 6), (6, 6), (4, 6)}. Candidates: [(3, 6), (9, 6)]
[SmartTarget] Targeting group {(8, 3), (9, 3), (5, 3), (6, 3), (7, 3)}. Candidates: [(4, 3), (10, 3)]
[SmartTarget] Mode: HUNT
[SmartTarget] Chosen hunt shot: (8, 8)
[SmartTarget] --- Turn Start ---
[SmartTarget] Mode: TARGET, Groups: [{(7, 6), (5, 6), (8, 6), (6, 6), (4, 6)}, {(8, 3), (9, 3), (5, 3), (6, 3), (7, 3)}, {(0, 4), (0, 5)}]
[SmartTarget] Targeting group {(0, 4), (0, 5)}. Candidates: [(0, 3), (0, 6)]
[SmartTarget] Targeting group {(7, 6), (5, 6), (8, 6), (6, 6), (4, 6)}. Candidates: [(3, 6), (9, 6)]
[SmartTarget] Targeting group {(8, 3), (9, 3), (5, 3), (6, 3), (7, 3)}. Candidates: [(4, 3), (10, 3)]
[SmartTarget] Mode: HUNT
[SmartTarget] Chosen hunt shot: (1, 3)
[SmartTarget] --- Turn Start ---
[SmartTarget] Mode: TARGET, Groups: [{(7, 6), (5, 6), (8, 6), (6, 6), (4, 6)}, {(8, 3), (9, 3), (5, 3), (6, 3), (7, 3)}, {(0, 4), (0, 5)}]
[SmartTarget] Targeting group {(0, 4), (0, 5)}. Candidates: [(0, 3), (0, 6)]
[SmartTarget] Targeting group {(7, 6), (5, 6), (8, 6), (6, 6), (4, 6)}. Candidates: [(3, 6), (9, 6)]
[SmartTarget] Targeting group {(8, 3), (9, 3), (5, 3), (6, 3), (7, 3)}. Candidates: [(4, 3), (10, 3)]
[SmartTarget] Mode: HUNT
[SmartTarget] Chosen hunt shot: (5, 1)
[SmartTarget] --- Turn Start ---
[SmartTarget] Mode: TARGET, Groups: [{(7, 6), (5, 6), (8, 6), (6, 6), (4, 6)}, {(8, 3), (9, 3), (5, 3), (6, 3), (7, 3)}, {(0, 4), (0, 5)}, {(5, 1)}]
[SmartTarget] Targeting group {(5, 1)}. Candidates: [(6, 1), (4, 1), (5, 2), (5, 0)]
[SmartTarget] Chosen shot: (6, 1)
[SmartTarget] --- Turn Start ---
[SmartTarget] Mode: TARGET, Groups: [{(7, 6), (5, 6), (8, 6), (6, 6), (4, 6)}, {(8, 3), (9, 3), (5, 3), (6, 3), (7, 3)}, {(0, 4), (0, 5)}, {(6, 1), (5, 1)}]
[SmartTarget] Targeting group {(0, 4), (0, 5)}. Candidates: [(0, 3), (0, 6)]
[SmartTarget] Targeting group {(6, 1), (5, 1)}. Candidates: [(4, 1), (7, 1)]
[SmartTarget] Chosen shot: (4, 1)
[SmartTarget] --- Turn Start ---
[SmartTarget] Mode: TARGET, Groups: [{(7, 6), (5, 6), (8, 6), (6, 6), (4, 6)}, {(8, 3), (9, 3), (5, 3), (6, 3), (7, 3)}, {(0, 4), (0, 5)}, {(6, 1), (5, 1)}]
[SmartTarget] Targeting group {(0, 4), (0, 5)}. Candidates: [(0, 3), (0, 6)]
[SmartTarget] Targeting group {(6, 1), (5, 1)}. Candidates: [(4, 1), (7, 1)]
[SmartTarget] Targeting group {(7, 6), (5, 6), (8, 6), (6, 6), (4, 6)}. Candidates: [(3, 6), (9, 6)]
[SmartTarget] Targeting group {(8, 3), (9, 3), (5, 3), (6, 3), (7, 3)}. Candidates: [(4, 3), (10, 3)]
[SmartTarget] Mode: HUNT
[SmartTarget] Chosen hunt shot: (2, 4)
[SmartTarget] --- Turn Start ---
[SmartTarget] Mode: TARGET, Groups: [{(7, 6), (5, 6), (8, 6), (6, 6), (4, 6)}, {(8, 3), (9, 3), (5, 3), (6, 3), (7, 3)}, {(0, 4), (0, 5)}, {(6, 1), (5, 1)}]
[SmartTarget] Targeting group {(0, 4), (0, 5)}. Candidates: [(0, 3), (0, 6)]
[SmartTarget] Targeting group {(6, 1), (5, 1)}. Candidates: [(4, 1), (7, 1)]
[SmartTarget] Targeting group {(7, 6), (5, 6), (8, 6), (6, 6), (4, 6)}. Candidates: [(3, 6), (9, 6)]
[SmartTarget] Targeting group {(8, 3), (9, 3), (5, 3), (6, 3), (7, 3)}. Candidates: [(4, 3), (10, 3)]
[SmartTarget] Mode: HUNT
[SmartTarget] Chosen hunt shot: (8, 2)
[SmartTarget] --- Turn Start ---
[SmartTarget] Mode: TARGET, Groups: [{(7, 6), (5, 6), (8, 6), (6, 6), (4, 6)}, {(8, 3), (9, 3), (5, 3), (6, 3), (7, 3)}, {(0, 4), (0, 5)}, {(6, 1), (5, 1)}]
[SmartTarget] Targeting group {(0, 4), (0, 5)}. Candidates: [(0, 3), (0, 6)]
[SmartTarget] Targeting group {(6, 1), (5, 1)}. Candidates: [(4, 1), (7, 1)]
[SmartTarget] Targeting group {(7, 6), (5, 6), (8, 6), (6, 6), (4, 6)}. Candidates: [(3, 6), (9, 6)]
[SmartTarget] Targeting group {(8, 3), (9, 3), (5, 3), (6, 3), (7, 3)}. Candidates: [(4, 3), (10, 3)]
[SmartTarget] Mode: HUNT
[SmartTarget] Chosen hunt shot: (4, 4)
[SmartTarget] --- Turn Start ---
[SmartTarget] Mode: TARGET, Groups: [{(7, 6), (5, 6), (8, 6), (6, 6), (4, 6)}, {(8, 3), (9, 3), (5, 3), (6, 3), (7, 3)}, {(0, 4), (0, 5)}, {(6, 1), (5, 1)}]
[SmartTarget] Targeting group {(0, 4), (0, 5)}. Candidates: [(0, 3), (0, 6)]
[SmartTarget] Targeting group {(6, 1), (5, 1)}. Candidates: [(4, 1), (7, 1)]
[SmartTarget] Targeting group {(7, 6), (5, 6), (8, 6), (6, 6), (4, 6)}. Candidates: [(3, 6), (9, 6)]
[SmartTarget] Targeting group {(8, 3), (9, 3), (5, 3), (6, 3), (7, 3)}. Candidates: [(4, 3), (10, 3)]
[SmartTarget] Mode: HUNT
[SmartTarget] Chosen hunt shot: (2, 0)
[SmartTarget] --- Turn Start ---
[SmartTarget] Mode: TARGET, Groups: [{(7, 6), (5, 6), (8, 6), (6, 6), (4, 6)}, {(8, 3), (9, 3), (5, 3), (6, 3), (7, 3)}, {(0, 4), (0, 5)}, {(6, 1), (5, 1)}]
[SmartTarget] Targeting group {(0, 4), (0, 5)}. Candidates: [(0, 3), (0, 6)]
[SmartTarget] Targeting group {(6, 1), (5, 1)}. Candidates: [(4, 1), (7, 1)]
[SmartTarget] Targeting group {(7, 6), (5, 6), (8, 6), (6, 6), (4, 6)}. Candidates: [(3, 6), (9, 6)]
[SmartTarget] Targeting group {(8, 3), (9, 3), (5, 3), (6, 3), (7, 3)}. Candidates: [(4, 3), (10, 3)]
[SmartTarget] Mode: HUNT
[SmartTarget] Chosen hunt shot: (6, 4)
[SmartTarget] --- Turn Start ---
[SmartTarget] Mode: TARGET, Groups: [{(7, 6), (5, 6), (8, 6), (6, 6), (4, 6)}, {(8, 3), (9, 3), (5, 3), (6, 3), (7, 3)}, {(0, 4), (0, 5)}, {(6, 1), (5, 1)}]
[SmartTarget] Targeting group {(0, 4), (0, 5)}. Candidates: [(0, 3), (0, 6)]
[SmartTarget] Targeting group {(6, 1), (5, 1)}. Candidates: [(4, 1), (7, 1)]
[SmartTarget] Targeting group {(7, 6), (5, 6), (8, 6), (6, 6), (4, 6)}. Candidates: [(3, 6), (9, 6)]
[SmartTarget] Targeting group {(8, 3), (9, 3), (5, 3), (6, 3), (7, 3)}. Candidates: [(4, 3), (10, 3)]
[SmartTarget] Mode: HUNT
[SmartTarget] Chosen hunt shot: (3, 3)
[SmartTarget] --- Turn Start ---
[SmartTarget] Mode: TARGET, Groups: [{(7, 6), (5, 6), (8, 6), (6, 6), (4, 6)}, {(8, 3), (9, 3), (5, 3), (6, 3), (7, 3)}, {(0, 4), (0, 5)}, {(6, 1), (5, 1)}]
[SmartTarget] Targeting group {(0, 4), (0, 5)}. Candidates: [(0, 3), (0, 6)]
[SmartTarget] Targeting group {(6, 1), (5, 1)}. Candidates: [(4, 1), (7, 1)]
[SmartTarget] Targeting group {(7, 6), (5, 6), (8, 6), (6, 6), (4, 6)}. Candidates: [(3, 6), (9, 6)]
[SmartTarget] Targeting group {(8, 3), (9, 3), (5, 3), (6, 3), (7, 3)}. Candidates: [(4, 3), (10, 3)]
[SmartTarget] Mode: HUNT
[SmartTarget] Chosen hunt shot: (1, 1)
[SmartTarget] --- Turn Start ---
[SmartTarget] Mode: TARGET, Groups: [{(7, 6), (5, 6), (8, 6), (6, 6), (4, 6)}, {(8, 3), (9, 3), (5, 3), (6, 3), (7, 3)}, {(0, 4), (0, 5)}, {(6, 1), (5, 1)}]
[SmartTarget] Targeting group {(0, 4), (0, 5)}. Candidates: [(0, 3), (0, 6)]
[SmartTarget] Targeting group {(6, 1), (5, 1)}. Candidates: [(4, 1), (7, 1)]
[SmartTarget] Targeting group {(7, 6), (5, 6), (8, 6), (6, 6), (4, 6)}. Candidates: [(3, 6), (9, 6)]
[SmartTarget] Targeting group {(8, 3), (9, 3), (5, 3), (6, 3), (7, 3)}. Candidates: [(4, 3), (10, 3)]
[SmartTarget] Mode: HUNT
[SmartTarget] Chosen hunt shot: (6, 2)
[SmartTarget] --- Turn Start ---
[SmartTarget] Mode: TARGET, Groups: [{(7, 6), (5, 6), (8, 6), (6, 6), (4, 6)}, {(0, 4), (0, 5)}, {(6, 2), (9, 3), (6, 1), (5, 1), (7, 3), (8, 3), (5, 3), (6, 3)}]
[SmartTarget] Targeting group {(0, 4), (0, 5)}. Candidates: [(0, 3), (0, 6)]
[SmartTarget] Targeting group {(7, 6), (5, 6), (8, 6), (6, 6), (4, 6)}. Candidates: [(3, 6), (9, 6)]
[SmartTarget] Targeting group {(6, 2), (9, 3), (6, 1), (5, 1), (7, 3), (8, 3), (5, 3), (6, 3)}. Candidates: [(4, 3), (5, 4), (9, 2), (10, 3), (7, 4), (7, 1), (5, 0), (8, 2), (9, 4), (6, 4), (4, 1), (5, 2), (8, 4), (7, 2), (6, 0)]
[SmartTarget] Chosen shot: (5, 4)
[SmartTarget] --- Turn Start ---
[SmartTarget] Mode: TARGET, Groups: [{(7, 6), (5, 6), (8, 6), (6, 6), (4, 6)}, {(0, 4), (0, 5)}, {(6, 2), (9, 3), (6, 1), (5, 1), (7, 3), (8, 3), (5, 3), (6, 3)}]
[SmartTarget] Targeting group {(0, 4), (0, 5)}. Candidates: [(0, 3), (0, 6)]
[SmartTarget] Targeting group {(7, 6), (5, 6), (8, 6), (6, 6), (4, 6)}. Candidates: [(3, 6), (9, 6)]
[SmartTarget] Targeting group {(6, 2), (9, 3), (6, 1), (5, 1), (7, 3), (8, 3), (5, 3), (6, 3)}. Candidates: [(4, 3), (5, 4), (9, 2), (10, 3), (7, 4), (7, 1), (5, 0), (8, 2), (9, 4), (6, 4), (4, 1), (5, 2), (8, 4), (7, 2), (6, 0)]
[SmartTarget] Chosen shot: (9, 2)
[SmartTarget] --- Turn Start ---
[SmartTarget] Mode: TARGET, Groups: [{(7, 6), (5, 6), (8, 6), (6, 6), (4, 6)}, {(0, 4), (0, 5)}, {(6, 2), (9, 3), (6, 1), (5, 1), (7, 3), (8, 3), (5, 3), (6, 3)}]
[SmartTarget] Targeting group {(0, 4), (0, 5)}. Candidates: [(0, 3), (0, 6)]
[SmartTarget] Targeting group {(7, 6), (5, 6), (8, 6), (6, 6), (4, 6)}. Candidates: [(3, 6), (9, 6)]
[SmartTarget] Targeting group {(6, 2), (9, 3), (6, 1), (5, 1), (7, 3), (8, 3), (5, 3), (6, 3)}. Candidates: [(4, 3), (5, 4), (9, 2), (10, 3), (7, 4), (7, 1), (5, 0), (8, 2), (9, 4), (6, 4), (4, 1), (5, 2), (8, 4), (7, 2), (6, 0)]
[SmartTarget] Chosen shot: (7, 4)
[SmartTarget] --- Turn Start ---
[SmartTarget] Mode: TARGET, Groups: [{(7, 6), (5, 6), (8, 6), (6, 6), (4, 6)}, {(0, 4), (0, 5)}, {(6, 2), (9, 3), (6, 1), (5, 1), (7, 3), (8, 3), (5, 3), (6, 3)}]
[SmartTarget] Targeting group {(0, 4), (0, 5)}. Candidates: [(0, 3), (0, 6)]
[SmartTarget] Targeting group {(7, 6), (5, 6), (8, 6), (6, 6), (4, 6)}. Candidates: [(3, 6), (9, 6)]
[SmartTarget] Targeting group {(6, 2), (9, 3), (6, 1), (5, 1), (7, 3), (8, 3), (5, 3), (6, 3)}. Candidates: [(4, 3), (5, 4), (9, 2), (10, 3), (7, 4), (7, 1), (5, 0), (8, 2), (9, 4), (6, 4), (4, 1), (5, 2), (8, 4), (7, 2), (6, 0)]
[SmartTarget] Chosen shot: (5, 0)
[SmartTarget] --- Turn Start ---
[SmartTarget] Mode: TARGET, Groups: [{(7, 6), (5, 6), (8, 6), (6, 6), (4, 6)}, {(0, 4), (0, 5)}, {(6, 2), (9, 3), (6, 1), (5, 1), (7, 3), (8, 3), (5, 3), (6, 3)}]
[SmartTarget] Targeting group {(0, 4), (0, 5)}. Candidates: [(0, 3), (0, 6)]
[SmartTarget] Targeting group {(7, 6), (5, 6), (8, 6), (6, 6), (4, 6)}. Candidates: [(3, 6), (9, 6)]
[SmartTarget] Targeting group {(6, 2), (9, 3), (6, 1), (5, 1), (7, 3), (8, 3), (5, 3), (6, 3)}. Candidates: [(4, 3), (5, 4), (9, 2), (10, 3), (7, 4), (7, 1), (5, 0), (8, 2), (9, 4), (6, 4), (4, 1), (5, 2), (8, 4), (7, 2), (6, 0)]
[SmartTarget] Chosen shot: (9, 4)
[SmartTarget] --- Turn Start ---
[SmartTarget] Mode: TARGET, Groups: [{(7, 6), (5, 6), (8, 6), (6, 6), (4, 6)}, {(0, 4), (0, 5)}, {(6, 2), (9, 3), (6, 1), (5, 1), (7, 3), (8, 3), (5, 3), (6, 3)}]
[SmartTarget] Targeting group {(0, 4), (0, 5)}. Candidates: [(0, 3), (0, 6)]
[SmartTarget] Targeting group {(7, 6), (5, 6), (8, 6), (6, 6), (4, 6)}. Candidates: [(3, 6), (9, 6)]
[SmartTarget] Targeting group {(6, 2), (9, 3), (6, 1), (5, 1), (7, 3), (8, 3), (5, 3), (6, 3)}. Candidates: [(4, 3), (5, 4), (9, 2), (10, 3), (7, 4), (7, 1), (5, 0), (8, 2), (9, 4), (6, 4), (4, 1), (5, 2), (8, 4), (7, 2), (6, 0)]
[SmartTarget] Chosen shot: (5, 2)
[SmartTarget] --- Turn Start ---
[SmartTarget] Mode: TARGET, Groups: [{(7, 6), (5, 6), (8, 6), (6, 6), (4, 6)}, {(0, 4), (0, 5)}, {(6, 2), (9, 3), (6, 1), (5, 1), (7, 3), (8, 3), (5, 3), (6, 3), (5, 2)}]
[SmartTarget] Targeting group {(0, 4), (0, 5)}. Candidates: [(0, 3), (0, 6)]
[SmartTarget] Targeting group {(7, 6), (5, 6), (8, 6), (6, 6), (4, 6)}. Candidates: [(3, 6), (9, 6)]
[SmartTarget] Targeting group {(6, 2), (9, 3), (6, 1), (5, 1), (7, 3), (8, 3), (5, 3), (6, 3), (5, 2)}. Candidates: [(4, 3), (5, 4), (9, 2), (10, 3), (7, 4), (7, 1), (4, 2), (5, 0), (8, 2), (9, 4), (6, 4), (4, 1), (8, 4), (7, 2), (6, 0)]
[SmartTarget] Chosen shot: (8, 4)
[SmartTarget] --- Turn Start ---
[SmartTarget] Mode: TARGET, Groups: [{(7, 6), (5, 6), (8, 6), (6, 6), (4, 6)}, {(0, 4), (0, 5)}, {(6, 2), (9, 3), (6, 1), (5, 1), (7, 3), (8, 3), (5, 3), (6, 3), (5, 2)}]
[SmartTarget] Targeting group {(0, 4), (0, 5)}. Candidates: [(0, 3), (0, 6)]
[SmartTarget] Targeting group {(7, 6), (5, 6), (8, 6), (6, 6), (4, 6)}. Candidates: [(3, 6), (9, 6)]
[SmartTarget] Targeting group {(6, 2), (9, 3), (6, 1), (5, 1), (7, 3), (8, 3), (5, 3), (6, 3), (5, 2)}. Candidates: [(4, 3), (5, 4), (9, 2), (10, 3), (7, 4), (7, 1), (4, 2), (5, 0), (8, 2), (9, 4), (6, 4), (4, 1), (8, 4), (7, 2), (6, 0)]
[SmartTarget] Chosen shot: (7, 2)
[SmartTarget] --- Turn Start ---
[SmartTarget] Mode: TARGET, Groups: [{(7, 6), (5, 6), (8, 6), (6, 6), (4, 6)}, {(0, 4), (0, 5)}, {(6, 2), (9, 3), (6, 1), (5, 1), (7, 3), (8, 3), (5, 3), (6, 3), (5, 2)}]
[SmartTarget] Targeting group {(0, 4), (0, 5)}. Candidates: [(0, 3), (0, 6)]
[SmartTarget] Targeting group {(7, 6), (5, 6), (8, 6), (6, 6), (4, 6)}. Candidates: [(3, 6), (9, 6)]
[SmartTarget] Targeting group {(6, 2), (9, 3), (6, 1), (5, 1), (7, 3), (8, 3), (5, 3), (6, 3), (5, 2)}. Candidates: [(4, 3), (5, 4), (9, 2), (10, 3), (7, 4), (7, 1), (4, 2), (5, 0), (8, 2), (9, 4), (6, 4), (4, 1), (8, 4), (7, 2), (6, 0)]
[SmartTarget] Chosen shot: (6, 0)
--- Simulation finished for: smarttarget ---
Shots taken: 56
